Base path: C:/Program Files/Unity/Editor/Data
Pipe name: \\.\pipe\UnityShaderCompiler-64bit-1-11024
Cmd: getPlatforms
Cmd: preprocess
  insize=770 outsize=371 ok=1
Cmd: compileSnippet
  api=4 type=0 insize=701 outsize=778 kw= pd= ok=1
Cmd: compileSnippet
  api=4 type=1 insize=701 outsize=469 kw= pd= ok=1
Cmd: preprocess
  insize=661 outsize=503 ok=1
Cmd: compileSnippet
  api=4 type=0 insize=460 outsize=1314 kw= pd= ok=1
Cmd: compileSnippet
  api=4 type=1 insize=460 outsize=770 kw= pd= ok=1
Cmd: preprocess
  error: 2 plat 18 at (27): Can't find include file LitCommon.cginc
  error: 2 plat 18 at (43): Can't find include file LitCommon.cginc
  insize=1113 outsize=715 ok=0
Cmd: preprocess
  insize=1009 outsize=656 ok=1
Cmd: compileSnippet
  api=4 type=0 insize=465 outsize=1672 kw= pd= ok=1
Cmd: compileSnippet
  api=4 type=1 insize=465 outsize=1916 kw= pd= ok=1
Cmd: compileSnippet
  api=4 type=0 insize=493 outsize=1940 kw= pd= ok=1
Cmd: compileSnippet
  error: 1 plat 4 at Ferr2DTCommon.cginc(97): loop only executes for 1 iteration(s), forcing loop to unroll\nCompiling Fragment program
  api=4 type=1 insize=493 outsize=2013 kw= pd= ok=1
Cmd: preprocess
  insize=1189 outsize=431 ok=1
Cmd: compileSnippet
  api=4 type=0 insize=1060 outsize=1290 kw= pd= ok=1
Cmd: compileSnippet
  api=4 type=1 insize=1060 outsize=868 kw= pd= ok=1
Cmd: preprocess
  insize=812 outsize=627 ok=1
Cmd: compileSnippet
  api=4 type=0 insize=487 outsize=2631 kw= pd= ok=1
Cmd: compileSnippet
  api=4 type=1 insize=487 outsize=1916 kw= pd= ok=1
Cmd: preprocess
  insize=599 outsize=441 ok=1
Cmd: compileSnippet
  api=4 type=0 insize=460 outsize=1314 kw= pd= ok=1
Cmd: compileSnippet
  api=4 type=1 insize=460 outsize=770 kw= pd= ok=1
Cmd: preprocess
  insize=1541 outsize=534 ok=1
Cmd: compileSnippet
  api=4 type=0 insize=1306 outsize=1087 kw= pd= ok=1
Cmd: compileSnippet
  api=4 type=1 insize=1306 outsize=843 kw= pd= ok=1
Cmd: preprocess
  insize=1100 outsize=722 ok=1
Cmd: compileSnippet
  api=4 type=0 insize=489 outsize=1672 kw= pd= ok=1
Cmd: compileSnippet
  api=4 type=1 insize=489 outsize=1916 kw= pd= ok=1
Cmd: compileSnippet
  api=4 type=0 insize=493 outsize=1558 kw= pd= ok=1
Cmd: compileSnippet
  api=4 type=1 insize=493 outsize=819 kw= pd= ok=1
Cmd: preprocess
  insize=757 outsize=598 ok=1
Cmd: compileSnippet
  api=4 type=0 insize=461 outsize=2249 kw= pd= ok=1
Cmd: compileSnippet
  api=4 type=1 insize=461 outsize=770 kw= pd= ok=1
Cmd: preprocess
  insize=947 outsize=594 ok=1
Cmd: compileSnippet
  api=4 type=0 insize=465 outsize=1672 kw= pd= ok=1
Cmd: compileSnippet
  api=4 type=1 insize=465 outsize=1916 kw= pd= ok=1
Cmd: compileSnippet
  api=4 type=0 insize=493 outsize=1940 kw= pd= ok=1
Cmd: compileSnippet
  error: 1 plat 4 at Ferr2DTCommon.cginc(97): loop only executes for 1 iteration(s), forcing loop to unroll\nCompiling Fragment program
  api=4 type=1 insize=493 outsize=2013 kw= pd= ok=1
Cmd: preprocess
  insize=1026 outsize=648 ok=1
Cmd: compileSnippet
  api=4 type=0 insize=489 outsize=1672 kw= pd= ok=1
Cmd: compileSnippet
  api=4 type=1 insize=489 outsize=1916 kw= pd= ok=1
Cmd: compileSnippet
  api=4 type=0 insize=493 outsize=1558 kw= pd= ok=1
Cmd: compileSnippet
  api=4 type=1 insize=493 outsize=819 kw= pd= ok=1
Cmd: preprocess
  insize=531 outsize=1508 ok=1
Cmd: compileSnippet
  api=4 type=0 insize=7114 outsize=3809 kw=DIRECTIONAL SHADOWS_OFF LIGHTMAP_OFF DIRLIGHTMAP_OFF DYNAMICLIGHTMAP_OFF pd= ok=1
Cmd: compileSnippet
  api=4 type=1 insize=7114 outsize=1388 kw=DIRECTIONAL SHADOWS_OFF LIGHTMAP_OFF DIRLIGHTMAP_OFF DYNAMICLIGHTMAP_OFF pd= ok=1
Cmd: compileSnippet
  api=4 type=0 insize=3860 outsize=2899 kw=POINT pd= ok=1
Cmd: compileSnippet
  api=4 type=1 insize=3860 outsize=2021 kw=POINT pd= ok=1
Cmd: compileSnippet
  api=4 type=0 insize=2993 outsize=2533 kw= pd= ok=1
Cmd: compileSnippet
  api=4 type=1 insize=2993 outsize=697 kw= pd= ok=1
Cmd: compileSnippet
  api=4 type=0 insize=6127 outsize=4223 kw=LIGHTMAP_OFF DIRLIGHTMAP_OFF DYNAMICLIGHTMAP_OFF HDR_LIGHT_PREPASS_OFF pd= ok=1
Cmd: compileSnippet
  api=4 type=1 insize=6127 outsize=1404 kw=LIGHTMAP_OFF DIRLIGHTMAP_OFF DYNAMICLIGHTMAP_OFF HDR_LIGHT_PREPASS_OFF pd= ok=1
Cmd: compileSnippet
  api=4 type=0 insize=6191 outsize=3947 kw=LIGHTMAP_OFF DIRLIGHTMAP_OFF DYNAMICLIGHTMAP_OFF HDR_LIGHT_PREPASS_OFF pd= ok=1
Cmd: compileSnippet
  api=4 type=1 insize=6191 outsize=1688 kw=LIGHTMAP_OFF DIRLIGHTMAP_OFF DYNAMICLIGHTMAP_OFF HDR_LIGHT_PREPASS_OFF pd= ok=1
Cmd: compileSnippet
  api=4 type=0 insize=3258 outsize=2631 kw= pd= ok=1
Cmd: compileSnippet
  api=4 type=1 insize=3258 outsize=1388 kw= pd= ok=1
Cmd: preprocess
  error: 2 plat 18 at (26): Can't find include file LitCommon.cginc
  error: 2 plat 18 at (42): Can't find include file LitCommon.cginc
  insize=1021 outsize=624 ok=0
Cmd: preprocess
  insize=541 outsize=410 ok=1
Cmd: compileSnippet
  api=4 type=0 insize=433 outsize=1290 kw= pd= ok=1
Cmd: compileSnippet
  api=4 type=1 insize=433 outsize=770 kw= pd= ok=1
Cmd: preprocess
  insize=187 outsize=187 ok=1
Cmd: preprocess
  insize=1272 outsize=328 ok=1
Cmd: compileSnippet
  api=4 type=0 insize=1245 outsize=1290 kw=USE_TEX pd= ok=1
Cmd: compileSnippet
  api=4 type=1 insize=1245 outsize=770 kw=USE_TEX pd= ok=1
Cmd: preprocess
  insize=1347 outsize=404 ok=1
Cmd: compileSnippet
  api=4 type=0 insize=1245 outsize=1290 kw=USE_TEX pd= ok=1
Cmd: compileSnippet
  api=4 type=1 insize=1245 outsize=770 kw=USE_TEX pd= ok=1
Cmd: preprocess
  insize=1202 outsize=444 ok=1
Cmd: compileSnippet
  api=4 type=0 insize=1060 outsize=1290 kw= pd= ok=1
Cmd: compileSnippet
  api=4 type=1 insize=1060 outsize=868 kw= pd= ok=1
Cmd: preprocess
  insize=2080 outsize=557 ok=1
Cmd: compileSnippet
  api=4 type=0 insize=1067 outsize=1331 kw= pd= ok=1
Cmd: compileSnippet
  api=4 type=1 insize=1067 outsize=868 kw= pd= ok=1
Cmd: compileSnippet
  api=4 type=0 insize=1060 outsize=1290 kw= pd= ok=1
Cmd: compileSnippet
  api=4 type=1 insize=1060 outsize=868 kw= pd= ok=1
Cmd: preprocess
  insize=575 outsize=444 ok=1
Cmd: compileSnippet
  api=4 type=0 insize=433 outsize=1290 kw= pd= ok=1
Cmd: compileSnippet
  api=4 type=1 insize=433 outsize=770 kw= pd= ok=1
Cmd: preprocess
  insize=1025 outsize=298 ok=1
Cmd: compileSnippet
  api=4 type=0 insize=1029 outsize=1290 kw= pd= ok=1
Cmd: compileSnippet
  api=4 type=1 insize=1029 outsize=770 kw= pd= ok=1
Cmd: compileSnippet
  api=4 type=0 insize=1705 outsize=1290 kw=SOFTPARTICLES_OFF pd= ok=1
Cmd: compileSnippet
  api=4 type=1 insize=1705 outsize=924 kw=SOFTPARTICLES_OFF pd= ok=1
Cmd: compileSnippet
  api=4 type=0 insize=1470 outsize=1274 kw= pd= ok=1
Cmd: compileSnippet
  api=4 type=1 insize=1470 outsize=770 kw= pd= ok=1
Cmd: compileSnippet
  api=4 type=0 insize=1642 outsize=1290 kw=SOFTPARTICLES_OFF pd= ok=1
Cmd: compileSnippet
  api=4 type=1 insize=1642 outsize=924 kw=SOFTPARTICLES_OFF pd= ok=1
Cmd: compileSnippet
  api=4 type=0 insize=959 outsize=1087 kw= pd= ok=1
Cmd: compileSnippet
  api=4 type=1 insize=959 outsize=616 kw= pd= ok=1
Cmd: compileSnippet
  api=4 type=0 insize=1001 outsize=1087 kw= pd= ok=1
Cmd: compileSnippet
  api=4 type=1 insize=1001 outsize=859 kw= pd= ok=1
Cmd: compileSnippet
  api=4 type=0 insize=818 outsize=778 kw= pd= ok=1
Cmd: compileSnippet
  api=4 type=1 insize=818 outsize=510 kw= pd= ok=1
Cmd: compileSnippet
  api=4 type=0 insize=1706 outsize=1290 kw=SOFTPARTICLES_OFF pd= ok=1
Cmd: compileSnippet
  api=4 type=1 insize=1706 outsize=868 kw=SOFTPARTICLES_OFF pd= ok=1
Cmd: compileSnippet
  api=4 type=0 insize=541 outsize=3533 kw=SHADOWS_DEPTH pd= ok=1
Cmd: compileSnippet
  api=4 type=1 insize=541 outsize=453 kw=SHADOWS_DEPTH pd= ok=1
Cmd: compileSnippet
  api=4 type=0 insize=1704 outsize=1347 kw= pd= ok=1
Cmd: compileSnippet
  api=4 type=1 insize=1704 outsize=1014 kw= pd= ok=1
Cmd: compileSnippet
  api=4 type=0 insize=751 outsize=3533 kw=SHADOWS_DEPTH pd= ok=1
Cmd: compileSnippet
  api=4 type=1 insize=751 outsize=380 kw=SHADOWS_DEPTH pd= ok=1
Cmd: compileSnippet
  api=4 type=0 insize=982 outsize=3979 kw=DIRECTIONAL SHADOWS_OFF LIGHTMAP_OFF DIRLIGHTMAP_OFF DYNAMICLIGHTMAP_OFF pd= ok=1
Cmd: compileSnippet
  api=4 type=1 insize=982 outsize=10618 kw=DIRECTIONAL SHADOWS_OFF LIGHTMAP_OFF DIRLIGHTMAP_OFF DYNAMICLIGHTMAP_OFF pd= ok=1
Cmd: compileSnippet
  api=4 type=0 insize=938 outsize=4101 kw=DIRECTIONAL SHADOWS_OFF pd= ok=1
Cmd: compileSnippet
  api=4 type=1 insize=938 outsize=5515 kw=DIRECTIONAL SHADOWS_OFF pd= ok=1
Cmd: compileSnippet
  api=4 type=0 insize=1738 outsize=1290 kw=SOFTPARTICLES_OFF pd= ok=1
Cmd: compileSnippet
  api=4 type=1 insize=1738 outsize=965 kw=SOFTPARTICLES_OFF pd= ok=1
Cmd: preprocess
  insize=988 outsize=1270 ok=1
Cmd: compileSnippet
  api=4 type=0 insize=7541 outsize=3508 kw=DIRECTIONAL SHADOWS_OFF LIGHTMAP_OFF DIRLIGHTMAP_OFF DYNAMICLIGHTMAP_OFF pd= ok=1
Cmd: compileSnippet
  api=4 type=1 insize=7541 outsize=10154 kw=DIRECTIONAL SHADOWS_OFF LIGHTMAP_OFF DIRLIGHTMAP_OFF DYNAMICLIGHTMAP_OFF pd= ok=1
Cmd: compileSnippet
  api=4 type=0 insize=4284 outsize=2753 kw=POINT SHADOWS_OFF pd= ok=1
Cmd: compileSnippet
  api=4 type=1 insize=4284 outsize=6149 kw=POINT SHADOWS_OFF pd= ok=1
Cmd: compileSnippet
  api=4 type=0 insize=6643 outsize=3508 kw=LIGHTMAP_OFF DIRLIGHTMAP_OFF DYNAMICLIGHTMAP_OFF HDR_LIGHT_PREPASS_OFF pd= ok=1
Cmd: compileSnippet
  api=4 type=1 insize=6643 outsize=2346 kw=LIGHTMAP_OFF DIRLIGHTMAP_OFF DYNAMICLIGHTMAP_OFF HDR_LIGHT_PREPASS_OFF pd= ok=1
Cmd: compileSnippet
  api=4 type=0 insize=3586 outsize=2484 kw= pd= ok=1
Cmd: compileSnippet
  api=4 type=1 insize=3586 outsize=1314 kw= pd= ok=1
Cmd: compileSnippet
  api=4 type=0 insize=1482 outsize=1290 kw=SOFTPARTICLES_OFF pd= ok=1
Cmd: compileSnippet
  api=4 type=1 insize=1482 outsize=827 kw=SOFTPARTICLES_OFF pd= ok=1
